<?xml version="1.0" encoding="UTF-8"?>
<!-- Generated by org.testng.reporters.JUnitReportReporter -->
<testsuite skipped="0" hostname="DESKTOP-6TDNORL" name="TestScenario.firstproj" tests="5" failures="0" timestamp="23 Oct 2017 04:20:13 GMT" time="310.703" errors="0">
  <testcase name="loginPage" time="3.237" classname="TestScenario.firstproj"/>
  <testcase name="clickOnContact" time="298.087" classname="TestScenario.firstproj"/>
  <testcase name="clickingNew" time="1.133" classname="TestScenario.firstproj"/>
  <testcase name="setValuesNewPage" time="8.050" classname="TestScenario.firstproj"/>
  <testcase name="read_Contact_Name" time="0.196" classname="TestScenario.firstproj"/>
</testsuite> <!-- TestScenario.firstproj -->
